<?xml version="1.0" encoding="UTF-8"?>
<testng-results skipped="0" failed="0" ignored="0" total="1" passed="1">
  <reporter-output>
  </reporter-output>
  <suite name="Suite" duration-ms="78971" started-at="2018-11-16T21:09:28Z" finished-at="2018-11-16T21:10:47Z">
    <groups>
    </groups>
    <test name="Test" duration-ms="78971" started-at="2018-11-16T21:09:28Z" finished-at="2018-11-16T21:10:47Z">
      <class name="ExceptionHandlingDemo.ExceptionHandlingWithSeleniumDemo">
        <test-method status="PASS" signature="testCase1()[pri:0, instance:ExceptionHandlingDemo.ExceptionHandlingWithSeleniumDemo@3e9b1010]" name="testCase1" duration-ms="78956" started-at="2018-11-16T21:09:28Z" finished-at="2018-11-16T21:10:47Z">
          <reporter-output>
          </reporter-output>
        </test-method> <!-- testCase1 -->
      </class> <!-- ExceptionHandlingDemo.ExceptionHandlingWithSeleniumDemo -->
    </test> <!-- Test -->
  </suite> <!-- Suite -->
</testng-results>
