<?xml version="1.0" encoding="UTF-8"?>
<testng-results skipped="0" failed="0" ignored="0" total="1" passed="1">
  <reporter-output>
  </reporter-output>
  <suite name="Suite" duration-ms="47867" started-at="2018-11-16T20:52:01Z" finished-at="2018-11-16T20:52:49Z">
    <groups>
    </groups>
    <test name="Test" duration-ms="47867" started-at="2018-11-16T20:52:01Z" finished-at="2018-11-16T20:52:49Z">
      <class name="ExceptionHandlingDemo.ExceptionHandlingWithSeleniumDemo">
        <test-method status="PASS" signature="testCase1()[pri:0, instance:ExceptionHandlingDemo.ExceptionHandlingWithSeleniumDemo@4a87761d]" name="testCase1" duration-ms="47839" started-at="2018-11-16T20:52:01Z" finished-at="2018-11-16T20:52:49Z">
          <reporter-output>
          </reporter-output>
        </test-method> <!-- testCase1 -->
      </class> <!-- ExceptionHandlingDemo.ExceptionHandlingWithSeleniumDemo -->
    </test> <!-- Test -->
  </suite> <!-- Suite -->
</testng-results>
